  Interface.cpp
  button_.cpp
E:\Programming\Курсач\Интерфейс\Интерфейс\Elements\button_.cpp(45): warning C4244: =: преобразование "double" в "int", возможна потеря данных
  control.cpp
E:\Programming\Курсач\Интерфейс\Интерфейс\Elements\control.cpp(49): warning C4244: =: преобразование "double" в "int", возможна потеря данных
E:\Programming\Курсач\Интерфейс\Интерфейс\Elements\control.cpp(75): warning C4244: =: преобразование "double" в "int", возможна потеря данных
  input_.cpp
E:\Programming\Курсач\Интерфейс\Интерфейс\Elements\input_.cpp(108): warning C4244: =: преобразование "double" в "int", возможна потеря данных
  itemList_.cpp
E:\Programming\Курсач\Интерфейс\Интерфейс\Elements\itemList_.cpp(56): warning C4838: преобразование из "unsigned __int64" в "int" требует сужающего преобразования
E:\Programming\Курсач\Интерфейс\Интерфейс\Elements\itemList_.cpp(56): warning C4267: инициализация: преобразование из "size_t" в "int"; возможна потеря данных
  Interface_OnEvent.cpp
  Interface_OnEvent_Function.cpp
E:\Programming\Курсач\Интерфейс\Интерфейс\Interface_OnEvent_Function.cpp(158): warning C4267: аргумент: преобразование из "size_t" в "int"; возможна потеря данных
E:\Programming\Курсач\Интерфейс\Интерфейс\Interface_OnEvent_Function.cpp(257): warning C4267: аргумент: преобразование из "size_t" в "int"; возможна потеря данных
E:\Programming\Курсач\Интерфейс\Интерфейс\Interface_OnEvent_Function.cpp(259): warning C4267: аргумент: преобразование из "size_t" в "int"; возможна потеря данных
E:\Programming\Курсач\Интерфейс\Интерфейс\Interface_OnEvent_Function.cpp(265): warning C4267: аргумент: преобразование из "size_t" в "int"; возможна потеря данных
E:\Programming\Курсач\Интерфейс\Интерфейс\Interface_OnEvent_Function.cpp(267): warning C4267: аргумент: преобразование из "size_t" в "int"; возможна потеря данных
E:\Programming\Курсач\Интерфейс\Интерфейс\Interface_OnEvent_Function.cpp(294): warning C4267: аргумент: преобразование из "size_t" в "int"; возможна потеря данных
E:\Programming\Курсач\Интерфейс\Интерфейс\Interface_OnEvent_Function.cpp(296): warning C4267: аргумент: преобразование из "size_t" в "int"; возможна потеря данных
  Interface_OnExecute.cpp
E:\Programming\Курсач\Интерфейс\Интерфейс\Interface_OnExecute.cpp(80): warning C4267: аргумент: преобразование из "size_t" в "int"; возможна потеря данных
E:\Programming\Курсач\Интерфейс\Интерфейс\Interface_OnExecute.cpp(81): warning C4267: аргумент: преобразование из "size_t" в "int"; возможна потеря данных
  Interface_Render.cpp
  Interface_Setup.cpp
  Label.cpp
  ListDown.cpp
E:\Programming\Курсач\Интерфейс\Интерфейс\ListDown.cpp(69): warning C4838: преобразование из "unsigned __int64" в "int" требует сужающего преобразования
E:\Programming\Курсач\Интерфейс\Интерфейс\ListDown.cpp(69): warning C4267: инициализация: преобразование из "size_t" в "int"; возможна потеря данных
  main.cpp
  Dec_String.cpp
E:\Programming\Курсач\Интерфейс\Интерфейс\String\Dec_String.cpp(51): warning C4018: <: несоответствие типов со знаком и без знака
  ID_String.cpp
  String.cpp
E:\Programming\Курсач\Интерфейс\Интерфейс\String\String.cpp(41): warning C4267: инициализация: преобразование из "size_t" в "int"; возможна потеря данных
E:\Programming\Курсач\Интерфейс\Интерфейс\String\String.cpp(67): warning C4267: инициализация: преобразование из "size_t" в "int"; возможна потеря данных
E:\Programming\Курсач\Интерфейс\Интерфейс\String\String.cpp(92): warning C4267: =: преобразование из "size_t" в "unsigned int"; возможна потеря данных
  Создание кода...
E:\Programming\Курсач\Интерфейс\Интерфейс\String\ID_String.cpp(124): warning C4715: ID_String::operator-: значение возвращается не при всех путях выполнения
E:\Programming\Курсач\Интерфейс\Интерфейс\String\Dec_String.cpp(91): warning C4715: DEC_String::operator-: значение возвращается не при всех путях выполнения
Interface.obj : error LNK2019: ссылка на неразрешенный внешний символ SDL_GetError в функции "private: bool __cdecl Interface::init(void)" (?init@Interface@@AEAA_NXZ)
Interface.obj : error LNK2019: ссылка на неразрешенный внешний символ SDL_CreateWindow в функции "private: bool __cdecl Interface::init(void)" (?init@Interface@@AEAA_NXZ)
Interface.obj : error LNK2019: ссылка на неразрешенный внешний символ SDL_DestroyWindow в функции "private: void __cdecl Interface::quit(void)" (?quit@Interface@@AEAAXXZ)
Interface.obj : error LNK2019: ссылка на неразрешенный внешний символ SDL_CreateRenderer в функции "private: bool __cdecl Interface::init(void)" (?init@Interface@@AEAA_NXZ)
Interface.obj : error LNK2019: ссылка на неразрешенный внешний символ SDL_DestroyTexture в функции "private: void __cdecl Interface::quit(void)" (?quit@Interface@@AEAAXXZ)
Interface.obj : error LNK2019: ссылка на неразрешенный внешний символ SDL_DestroyRenderer в функции "private: void __cdecl Interface::quit(void)" (?quit@Interface@@AEAAXXZ)
Interface.obj : error LNK2019: ссылка на неразрешенный внешний символ SDL_Init в функции "private: bool __cdecl Interface::init(void)" (?init@Interface@@AEAA_NXZ)
Interface.obj : error LNK2019: ссылка на неразрешенный внешний символ SDL_Quit в функции "private: void __cdecl Interface::quit(void)" (?quit@Interface@@AEAAXXZ)
Interface.obj : error LNK2019: ссылка на неразрешенный внешний символ IMG_Init в функции "private: bool __cdecl Interface::init(void)" (?init@Interface@@AEAA_NXZ)
Interface.obj : error LNK2019: ссылка на неразрешенный внешний символ TTF_Init в функции "private: bool __cdecl Interface::init(void)" (?init@Interface@@AEAA_NXZ)
button_.obj : error LNK2019: ссылка на неразрешенный внешний символ SDL_FreeSurface в функции "public: virtual void __cdecl Button_::render(void)" (?render@Button_@@UEAAXXZ)
control.obj : error LNK2001: неразрешенный внешний символ "SDL_FreeSurface"
input_.obj : error LNK2001: неразрешенный внешний символ "SDL_FreeSurface"
Label.obj : error LNK2001: неразрешенный внешний символ "SDL_FreeSurface"
button_.obj : error LNK2019: ссылка на неразрешенный внешний символ SDL_CreateTextureFromSurface в функции "public: virtual void __cdecl Button_::render(void)" (?render@Button_@@UEAAXXZ)
control.obj : error LNK2001: неразрешенный внешний символ "SDL_CreateTextureFromSurface"
input_.obj : error LNK2001: неразрешенный внешний символ "SDL_CreateTextureFromSurface"
Label.obj : error LNK2001: неразрешенный внешний символ "SDL_CreateTextureFromSurface"
Label.obj : error LNK2001: неразрешенный внешний символ "SDL_SetRenderDrawColor"
ListDown.obj : error LNK2001: неразрешенный внешний символ "SDL_SetRenderDrawColor"
button_.obj : error LNK2001: неразрешенный внешний символ "SDL_SetRenderDrawColor"
input_.obj : error LNK2001: неразрешенный внешний символ "SDL_SetRenderDrawColor"
itemList_.obj : error LNK2001: неразрешенный внешний символ "SDL_SetRenderDrawColor"
Interface_Render.obj : error LNK2001: неразрешенный внешний символ "SDL_SetRenderDrawColor"
Label.obj : error LNK2001: неразрешенный внешний символ "SDL_RenderFillRect"
ListDown.obj : error LNK2001: неразрешенный внешний символ "SDL_RenderFillRect"
button_.obj : error LNK2001: неразрешенный внешний символ "SDL_RenderFillRect"
input_.obj : error LNK2001: неразрешенный внешний символ "SDL_RenderFillRect"
itemList_.obj : error LNK2001: неразрешенный внешний символ "SDL_RenderFillRect"
Interface_Render.obj : error LNK2001: неразрешенный внешний символ "SDL_RenderFillRect"
ListDown.obj : error LNK2001: неразрешенный внешний символ "SDL_RenderCopy"
button_.obj : error LNK2001: неразрешенный внешний символ "SDL_RenderCopy"
control.obj : error LNK2001: неразрешенный внешний символ "SDL_RenderCopy"
input_.obj : error LNK2001: неразрешенный внешний символ "SDL_RenderCopy"
Label.obj : error LNK2001: неразрешенный внешний символ "SDL_RenderCopy"
Interface_Render.obj : error LNK2001: неразрешенный внешний символ "SDL_RenderPresent"
Label.obj : error LNK2001: неразрешенный внешний символ "SDL_RenderPresent"
ListDown.obj : error LNK2001: неразрешенный внешний символ "SDL_RenderPresent"
button_.obj : error LNK2001: неразрешенный внешний символ "SDL_RenderPresent"
control.obj : error LNK2001: неразрешенный внешний символ "SDL_RenderPresent"
input_.obj : error LNK2001: неразрешенный внешний символ "SDL_RenderPresent"
itemList_.obj : error LNK2001: неразрешенный внешний символ "SDL_RenderPresent"
button_.obj : error LNK2019: ссылка на неразрешенный внешний символ TTF_RenderText_Blended в функции "public: virtual void __cdecl Button_::render(void)" (?render@Button_@@UEAAXXZ)
control.obj : error LNK2001: неразрешенный внешний символ "TTF_RenderText_Blended"
input_.obj : error LNK2001: неразрешенный внешний символ "TTF_RenderText_Blended"
Label.obj : error LNK2001: неразрешенный внешний символ "TTF_RenderText_Blended"
control.obj : error LNK2019: ссылка на неразрешенный внешний символ TTF_OpenFont в функции "public: __cdecl Control::Control(struct SDL_Renderer *,struct SDL_Rect *,class std::basic_string<char,struct std::char_traits<char>,class std::allocator<char> >,int)" (??0Control@@QEAA@PEAUSDL_Renderer@@PEAUSDL_Rect@@V?$basic_string@DU?$char_traits@D@std@@V?$allocator@D@2@@std@@H@Z)
Label.obj : error LNK2001: неразрешенный внешний символ "TTF_OpenFont"
input_.obj : error LNK2019: ссылка на неразрешенный внешний символ SDL_SetClipboardText в функции "public: virtual void __cdecl Input_::onEvent(union SDL_Event *)" (?onEvent@Input_@@UEAAXPEATSDL_Event@@@Z)
input_.obj : error LNK2019: ссылка на неразрешенный внешний символ SDL_GetClipboardText в функции "public: virtual void __cdecl Input_::onEvent(union SDL_Event *)" (?onEvent@Input_@@UEAAXPEATSDL_Event@@@Z)
input_.obj : error LNK2019: ссылка на неразрешенный внешний символ SDL_GetModState в функции "public: virtual void __cdecl Input_::onEvent(union SDL_Event *)" (?onEvent@Input_@@UEAAXPEATSDL_Event@@@Z)
input_.obj : error LNK2019: ссылка на неразрешенный внешний символ SDL_StartTextInput в функции "public: virtual void __cdecl Input_::onEvent(union SDL_Event *)" (?onEvent@Input_@@UEAAXPEATSDL_Event@@@Z)
input_.obj : error LNK2019: ссылка на неразрешенный внешний символ SDL_StopTextInput в функции "public: virtual void __cdecl Input_::onEvent(union SDL_Event *)" (?onEvent@Input_@@UEAAXPEATSDL_Event@@@Z)
input_.obj : error LNK2019: ссылка на неразрешенный внешний символ SDL_GetMouseState в функции "public: virtual void __cdecl Input_::onEvent(union SDL_Event *)" (?onEvent@Input_@@UEAAXPEATSDL_Event@@@Z)
Interface_OnEvent_Function.obj : error LNK2001: неразрешенный внешний символ "SDL_GetMouseState"
input_.obj : error LNK2019: ссылка на неразрешенный внешний символ SDL_PollEvent в функции "public: virtual void __cdecl Input_::onEvent(union SDL_Event *)" (?onEvent@Input_@@UEAAXPEATSDL_Event@@@Z)
Interface_OnEvent.obj : error LNK2001: неразрешенный внешний символ "SDL_PollEvent"
Interface_OnExecute.obj : error LNK2019: ссылка на неразрешенный внешний символ IMG_LoadTexture в функции "public: __cdecl DropDownList::DropDownList(struct SDL_Renderer *,struct SDL_Rect *,struct SDL_Rect *,int,class std::basic_string<char,struct std::char_traits<char>,class std::allocator<char> >,int)" (??0DropDownList@@QEAA@PEAUSDL_Renderer@@PEAUSDL_Rect@@1HV?$basic_string@DU?$char_traits@D@std@@V?$allocator@D@2@@std@@H@Z)
MSVCRTD.lib(exe_main.obj) : error LNK2019: ссылка на неразрешенный внешний символ main в функции "int __cdecl invoke_main(void)" (?invoke_main@@YAHXZ)
C:\SDL2\lib\x86\SDL2.lib : warning LNK4272: тип компьютера библиотеки "x86" конфликтует с типом целевого компьютера "x64"
C:\SDL2\lib\x86\SDL2main.lib : warning LNK4272: тип компьютера библиотеки "x86" конфликтует с типом целевого компьютера "x64"
C:\SDL2\lib\x86\SDL2test.lib : warning LNK4272: тип компьютера библиотеки "x86" конфликтует с типом целевого компьютера "x64"
C:\SDL2\SDL2_ttf-2.0.15\lib\x86\SDL2_ttf.lib : warning LNK4272: тип компьютера библиотеки "x86" конфликтует с типом целевого компьютера "x64"
C:\SDL2\SDL2_image-2.0.4\lib\x86\SDL2_image.lib : warning LNK4272: тип компьютера библиотеки "x86" конфликтует с типом целевого компьютера "x64"
E:\Programming\Курсач\Интерфейс\x64\Debug\Интерфейс.exe : fatal error LNK1120: неразрешенных внешних элементов: 27
